

Started GET "/" for ::1 at 2014-11-20 14:28:32 -0500

ActiveRecord::PendingMigrationError (

Migrations are pending. To resolve this issue, run:

	bin/rake db:migrate RAILS_ENV=development

):
  activerecord (4.2.0.beta1) lib/active_record/migration.rb:397:in `check_pending!'
  activerecord (4.2.0.beta1) lib/active_record/migration.rb:378:in `call'
  actionpack (4.2.0.beta1) lib/action_dispatch/middleware/callbacks.rb:29:in `block in call'
  activesupport (4.2.0.beta1) lib/active_support/callbacks.rb:83:in `run_callbacks'
  actionpack (4.2.0.beta1) lib/action_dispatch/middleware/callbacks.rb:27:in `call'
  actionpack (4.2.0.beta1) lib/action_dispatch/middleware/reloader.rb:73:in `call'
  actionpack (4.2.0.beta1) lib/action_dispatch/middleware/remote_ip.rb:76:in `call'
  web-console (2.0.0.beta4) lib/action_dispatch/debug_exceptions.rb:18:in `middleware_call'
  web-console (2.0.0.beta4) lib/action_dispatch/debug_exceptions.rb:13:in `call'
  actionpack (4.2.0.beta1) lib/action_dispatch/middleware/show_exceptions.rb:30:in `call'
  railties (4.2.0.beta1) lib/rails/rack/logger.rb:38:in `call_app'
  railties (4.2.0.beta1) lib/rails/rack/logger.rb:20:in `block in call'
  activesupport (4.2.0.beta1) lib/active_support/tagged_logging.rb:68:in `block in tagged'
  activesupport (4.2.0.beta1) lib/active_support/tagged_logging.rb:26:in `tagged'
  activesupport (4.2.0.beta1) lib/active_support/tagged_logging.rb:68:in `tagged'
  railties (4.2.0.beta1) lib/rails/rack/logger.rb:20:in `call'
  actionpack (4.2.0.beta1) lib/action_dispatch/middleware/request_id.rb:21:in `call'
  rack (1.6.0.beta) lib/rack/methodoverride.rb:22:in `call'
  rack (1.6.0.beta) lib/rack/runtime.rb:17:in `call'
  activesupport (4.2.0.beta1) lib/active_support/cache/strategy/local_cache_middleware.rb:28:in `call'
  rack (1.6.0.beta) lib/rack/lock.rb:17:in `call'
  actionpack (4.2.0.beta1) lib/action_dispatch/middleware/static.rb:83:in `call'
  rack (1.6.0.beta) lib/rack/sendfile.rb:113:in `call'
  railties (4.2.0.beta1) lib/rails/engine.rb:514:in `call'
  railties (4.2.0.beta1) lib/rails/application.rb:161:in `call'
  rack (1.6.0.beta) lib/rack/tempfile_reaper.rb:15:in `call'
  rack (1.6.0.beta) lib/rack/lint.rb:49:in `_call'
  rack (1.6.0.beta) lib/rack/lint.rb:37:in `call'
  rack (1.6.0.beta) lib/rack/showexceptions.rb:24:in `call'
  rack (1.6.0.beta) lib/rack/commonlogger.rb:33:in `call'
  rack (1.6.0.beta) lib/rack/chunked.rb:54:in `call'
  rack (1.6.0.beta) lib/rack/content_length.rb:15:in `call'
  rack (1.6.0.beta) lib/rack/handler/webrick.rb:89:in `service'
  /Users/dsb/.rvm/rubies/ruby-2.1.2/lib/ruby/2.1.0/webrick/httpserver.rb:138:in `service'
  /Users/dsb/.rvm/rubies/ruby-2.1.2/lib/ruby/2.1.0/webrick/httpserver.rb:94:in `run'
  /Users/dsb/.rvm/rubies/ruby-2.1.2/lib/ruby/2.1.0/webrick/server.rb:295:in `block in start_thread'


  Rendered /Users/dsb/.rvm/gems/ruby-2.1.2/gems/web-console-2.0.0.beta4/lib/action_dispatch/templates/rescues/_source.erb (1.8ms)
  Rendered /Users/dsb/.rvm/gems/ruby-2.1.2/gems/web-console-2.0.0.beta4/lib/action_dispatch/templates/rescues/_trace.html.erb (1.2ms)
  Rendered /Users/dsb/.rvm/gems/ruby-2.1.2/gems/web-console-2.0.0.beta4/lib/action_dispatch/templates/rescues/_request_and_response.html.erb (0.7ms)
  Rendered /Users/dsb/.rvm/gems/ruby-2.1.2/gems/web-console-2.0.0.beta4/lib/action_dispatch/templates/rescues/_web_console.html.erb (0.6ms)
  Rendered /Users/dsb/.rvm/gems/ruby-2.1.2/gems/web-console-2.0.0.beta4/lib/action_dispatch/templates/rescues/diagnostics.html.erb within rescues/layout (20.8ms)
  [1m[36m (0.8ms)[0m  [1mCREATE TABLE "schema_migrations" ("version" varchar NOT NULL) [0m
  [1m[35m (0.4ms)[0m  select sqlite_version(*)
  [1m[36m (0.7ms)[0m  [1mCREATE UNIQUE INDEX "unique_schema_migrations" ON "schema_migrations" ("version")[0m
  [1m[35mActiveRecord::SchemaMigration Load (0.1ms)[0m  SELECT "schema_migrations".* FROM "schema_migrations"
Migrating to CreateUsers (20141120183306)
  [1m[36m (0.1ms)[0m  [1mbegin transaction[0m
  [1m[35m (0.3ms)[0m  CREATE TABLE "users" ("id" INTEGER PRIMARY KEY AUTOINCREMENT NOT NULL, "name" varchar, "created_at" datetime NOT NULL, "updated_at" datetime NOT NULL) 
  [1m[36mSQL (0.1ms)[0m  [1mINSERT INTO "schema_migrations" ("version") VALUES (?)[0m  [["version", "20141120183306"]]
  [1m[35m (0.6ms)[0m  commit transaction
Migrating to CreateOrganizations (20141120191750)
  [1m[36m (0.1ms)[0m  [1mbegin transaction[0m
  [1m[35m (0.2ms)[0m  CREATE TABLE "organizations" ("id" INTEGER PRIMARY KEY AUTOINCREMENT NOT NULL, "name" varchar, "created_at" datetime NOT NULL, "updated_at" datetime NOT NULL) 
  [1m[36mSQL (0.1ms)[0m  [1mINSERT INTO "schema_migrations" ("version") VALUES (?)[0m  [["version", "20141120191750"]]
  [1m[35m (0.5ms)[0m  commit transaction
Migrating to CreateAvailabilities (20141120191958)
  [1m[36m (0.1ms)[0m  [1mbegin transaction[0m
  [1m[35m (0.3ms)[0m  CREATE TABLE "availabilities" ("id" INTEGER PRIMARY KEY AUTOINCREMENT NOT NULL, "date_time" datetime, "created_at" datetime NOT NULL, "updated_at" datetime NOT NULL) 
  [1m[36mSQL (0.1ms)[0m  [1mINSERT INTO "schema_migrations" ("version") VALUES (?)[0m  [["version", "20141120191958"]]
  [1m[35m (0.6ms)[0m  commit transaction
Migrating to CreateSkills (20141120192020)
  [1m[36m (0.1ms)[0m  [1mbegin transaction[0m
  [1m[35m (0.2ms)[0m  CREATE TABLE "skills" ("id" INTEGER PRIMARY KEY AUTOINCREMENT NOT NULL, "name" varchar, "created_at" datetime NOT NULL, "updated_at" datetime NOT NULL) 
  [1m[36mSQL (0.1ms)[0m  [1mINSERT INTO "schema_migrations" ("version") VALUES (?)[0m  [["version", "20141120192020"]]
  [1m[35m (0.6ms)[0m  commit transaction
  [1m[36mActiveRecord::SchemaMigration Load (0.1ms)[0m  [1mSELECT "schema_migrations".* FROM "schema_migrations"[0m


Started GET "/" for ::1 at 2014-11-20 14:28:50 -0500
  [1m[36mActiveRecord::SchemaMigration Load (0.1ms)[0m  [1mSELECT "schema_migrations".* FROM "schema_migrations"[0m
Processing by Rails::WelcomeController#index as HTML
  Rendered /Users/dsb/.rvm/gems/ruby-2.1.2/gems/railties-4.2.0.beta1/lib/rails/templates/rails/welcome/index.html.erb (1.1ms)
Completed 200 OK in 13ms (Views: 6.1ms | ActiveRecord: 0.0ms)
  [1m[36mActiveRecord::SchemaMigration Load (0.1ms)[0m  [1mSELECT "schema_migrations".* FROM "schema_migrations"[0m
Migrating to CreateUsersSkillJoinTables (20141120193806)
  [1m[35m (0.1ms)[0m  begin transaction
  [1m[36m (0.3ms)[0m  [1mCREATE TABLE "users_skill_join_tables" ("id" INTEGER PRIMARY KEY AUTOINCREMENT NOT NULL, "skill_id" integer, "user_id" integer, "created_at" datetime NOT NULL, "updated_at" datetime NOT NULL) [0m
  [1m[35mSQL (0.2ms)[0m  INSERT INTO "schema_migrations" ("version") VALUES (?)  [["version", "20141120193806"]]
  [1m[36m (0.6ms)[0m  [1mcommit transaction[0m
  [1m[35mActiveRecord::SchemaMigration Load (0.1ms)[0m  SELECT "schema_migrations".* FROM "schema_migrations"
  [1m[36m (0.1ms)[0m  [1mbegin transaction[0m
  [1m[35mSQL (0.5ms)[0m  INSERT INTO "users" ("created_at", "name", "updated_at") VALUES (?, ?, ?)  [["created_at", "2014-11-20 19:40:56.572381"], ["name", "Sam"], ["updated_at", "2014-11-20 19:40:56.572381"]]
  [1m[36m (1.3ms)[0m  [1mcommit transaction[0m
  [1m[35m (0.1ms)[0m  begin transaction
  [1m[36mSQL (0.3ms)[0m  [1mINSERT INTO "users" ("created_at", "name", "updated_at") VALUES (?, ?, ?)[0m  [["created_at", "2014-11-20 19:41:01.819638"], ["name", "Draisy"], ["updated_at", "2014-11-20 19:41:01.819638"]]
  [1m[35m (1.0ms)[0m  commit transaction
  [1m[36m (0.1ms)[0m  [1mbegin transaction[0m
  [1m[35mSQL (0.3ms)[0m  INSERT INTO "users" ("created_at", "name", "updated_at") VALUES (?, ?, ?)  [["created_at", "2014-11-20 19:41:05.563713"], ["name", "Tom"], ["updated_at", "2014-11-20 19:41:05.563713"]]
  [1m[36m (1.2ms)[0m  [1mcommit transaction[0m
  [1m[35m (0.0ms)[0m  begin transaction
  [1m[36mSQL (0.3ms)[0m  [1mINSERT INTO "skills" ("created_at", "name", "updated_at") VALUES (?, ?, ?)[0m  [["created_at", "2014-11-20 19:41:17.072471"], ["name", "reading"], ["updated_at", "2014-11-20 19:41:17.072471"]]
  [1m[35m (0.6ms)[0m  commit transaction
  [1m[36m (0.1ms)[0m  [1mbegin transaction[0m
  [1m[35mSQL (0.3ms)[0m  INSERT INTO "skills" ("created_at", "name", "updated_at") VALUES (?, ?, ?)  [["created_at", "2014-11-20 19:41:22.508279"], ["name", "writing"], ["updated_at", "2014-11-20 19:41:22.508279"]]
  [1m[36m (1.0ms)[0m  [1mcommit transaction[0m
  [1m[35m (0.1ms)[0m  begin transaction
  [1m[36mSQL (0.3ms)[0m  [1mINSERT INTO "skills" ("created_at", "name", "updated_at") VALUES (?, ?, ?)[0m  [["created_at", "2014-11-20 19:41:41.836821"], ["name", "singing"], ["updated_at", "2014-11-20 19:41:41.836821"]]
  [1m[35m (1.0ms)[0m  commit transaction
  [1m[36m (0.1ms)[0m  [1mbegin transaction[0m
  [1m[35mSQL (0.3ms)[0m  INSERT INTO "skills" ("created_at", "name", "updated_at") VALUES (?, ?, ?)  [["created_at", "2014-11-20 19:42:35.045803"], ["name", "writing"], ["updated_at", "2014-11-20 19:42:35.045803"]]
  [1m[36m (1.1ms)[0m  [1mcommit transaction[0m
  [1m[35mUser Load (0.2ms)[0m  SELECT "users".* FROM "users"
  [1m[36mUser Load (0.1ms)[0m  [1mSELECT  "users".* FROM "users" WHERE "users"."id" = ? LIMIT 1[0m  [["id", 1]]
  [1m[35mUser Load (0.1ms)[0m  SELECT  "users".* FROM "users" WHERE "users"."id" = ? LIMIT 1  [["id", 1]]
  [1m[36mUser Load (0.1ms)[0m  [1mSELECT  "users".* FROM "users" WHERE "users"."id" = ? LIMIT 1[0m  [["id", 1]]
  [1m[35mUser Load (0.2ms)[0m  SELECT "users".* FROM "users"
  [1m[36mUser Load (0.1ms)[0m  [1mSELECT  "users".* FROM "users" WHERE "users"."id" = ? LIMIT 1[0m  [["id", 1]]
  [1m[36mActiveRecord::SchemaMigration Load (0.1ms)[0m  [1mSELECT "schema_migrations".* FROM "schema_migrations"[0m
  [1m[35mActiveRecord::SchemaMigration Load (0.1ms)[0m  SELECT "schema_migrations".* FROM "schema_migrations"
  [1m[36mUser Load (1.1ms)[0m  [1mSELECT "users".* FROM "users"[0m
  [1m[35mUser Load (0.2ms)[0m  SELECT  "users".* FROM "users" WHERE "users"."id" = ? LIMIT 1  [["id", 1]]
  [1m[36mUser Load (2.4ms)[0m  [1mSELECT "users".* FROM "users"[0m
  [1m[35mUser Load (0.3ms)[0m  SELECT  "users".* FROM "users" WHERE "users"."id" = ? LIMIT 1  [["id", 1]]
  [1m[36mUser Load (0.1ms)[0m  [1mSELECT  "users".* FROM "users" WHERE "users"."id" = ? LIMIT 1[0m  [["id", 1]]
  [1m[35mUser Load (0.1ms)[0m  SELECT  "users".* FROM "users" WHERE "users"."id" = ? LIMIT 1  [["id", 1]]
  [1m[36mUser Load (0.1ms)[0m  [1mSELECT  "users".* FROM "users" WHERE "users"."id" = ? LIMIT 1[0m  [["id", 1]]
  [1m[36m (0.9ms)[0m  [1mCREATE TABLE "schema_migrations" ("version" varchar NOT NULL) [0m
  [1m[35m (0.1ms)[0m  select sqlite_version(*)
  [1m[36m (0.7ms)[0m  [1mCREATE UNIQUE INDEX "unique_schema_migrations" ON "schema_migrations" ("version")[0m
  [1m[35mActiveRecord::SchemaMigration Load (0.1ms)[0m  SELECT "schema_migrations".* FROM "schema_migrations"
Migrating to CreateOrganizations (20141120202043)
  [1m[36m (0.1ms)[0m  [1mbegin transaction[0m
  [1m[35m (0.2ms)[0m  CREATE TABLE "organizations" ("id" INTEGER PRIMARY KEY AUTOINCREMENT NOT NULL, "name" varchar, "created_at" datetime NOT NULL, "updated_at" datetime NOT NULL) 
  [1m[36mSQL (0.1ms)[0m  [1mINSERT INTO "schema_migrations" ("version") VALUES (?)[0m  [["version", "20141120202043"]]
  [1m[35m (0.6ms)[0m  commit transaction
Migrating to CreateOpportunities (20141120202353)
  [1m[36m (0.0ms)[0m  [1mbegin transaction[0m
  [1m[35m (0.2ms)[0m  CREATE TABLE "opportunities" ("id" INTEGER PRIMARY KEY AUTOINCREMENT NOT NULL, "name" varchar, "datetime" datetime, "organization_id" integer, "volunteer_id" integer, "created_at" datetime NOT NULL, "updated_at" datetime NOT NULL) 
  [1m[36mSQL (0.1ms)[0m  [1mINSERT INTO "schema_migrations" ("version") VALUES (?)[0m  [["version", "20141120202353"]]
  [1m[35m (0.6ms)[0m  commit transaction
Migrating to CreateVolunteers (20141120202415)
  [1m[36m (0.0ms)[0m  [1mbegin transaction[0m
  [1m[35m (0.2ms)[0m  CREATE TABLE "volunteers" ("id" INTEGER PRIMARY KEY AUTOINCREMENT NOT NULL, "name" varchar, "opportunity_id" integer, "created_at" datetime NOT NULL, "updated_at" datetime NOT NULL) 
  [1m[36mSQL (0.1ms)[0m  [1mINSERT INTO "schema_migrations" ("version") VALUES (?)[0m  [["version", "20141120202415"]]
  [1m[35m (0.6ms)[0m  commit transaction
Migrating to CreateSkills (20141120202423)
  [1m[36m (0.0ms)[0m  [1mbegin transaction[0m
  [1m[35m (0.2ms)[0m  CREATE TABLE "skills" ("id" INTEGER PRIMARY KEY AUTOINCREMENT NOT NULL, "name" varchar, "created_at" datetime NOT NULL, "updated_at" datetime NOT NULL) 
  [1m[36mSQL (0.1ms)[0m  [1mINSERT INTO "schema_migrations" ("version") VALUES (?)[0m  [["version", "20141120202423"]]
  [1m[35m (0.7ms)[0m  commit transaction
Migrating to CreateNeeds (20141120202717)
  [1m[36m (0.0ms)[0m  [1mbegin transaction[0m
  [1m[35m (0.2ms)[0m  CREATE TABLE "needs" ("id" INTEGER PRIMARY KEY AUTOINCREMENT NOT NULL, "skill_id" integer, "opportunity_id" integer, "created_at" datetime NOT NULL, "updated_at" datetime NOT NULL) 
  [1m[36mSQL (0.1ms)[0m  [1mINSERT INTO "schema_migrations" ("version") VALUES (?)[0m  [["version", "20141120202717"]]
  [1m[35m (0.7ms)[0m  commit transaction
Migrating to CreateProficiencies (20141120202831)
  [1m[36m (0.0ms)[0m  [1mbegin transaction[0m
  [1m[35m (0.2ms)[0m  CREATE TABLE "proficiencies" ("id" INTEGER PRIMARY KEY AUTOINCREMENT NOT NULL, "volunteer_id" integer, "skill_id" integer, "created_at" datetime NOT NULL, "updated_at" datetime NOT NULL) 
  [1m[36mSQL (0.1ms)[0m  [1mINSERT INTO "schema_migrations" ("version") VALUES (?)[0m  [["version", "20141120202831"]]
  [1m[35m (0.7ms)[0m  commit transaction
  [1m[36mActiveRecord::SchemaMigration Load (0.1ms)[0m  [1mSELECT "schema_migrations".* FROM "schema_migrations"[0m
  [1m[36m (0.4ms)[0m  [1mbegin transaction[0m
  [1m[35mSQL (0.5ms)[0m  INSERT INTO "volunteers" ("created_at", "name", "updated_at") VALUES (?, ?, ?)  [["created_at", "2014-11-20 20:42:37.259067"], ["name", "Draisy"], ["updated_at", "2014-11-20 20:42:37.259067"]]
  [1m[36m (1.3ms)[0m  [1mcommit transaction[0m
  [1m[35m (0.1ms)[0m  begin transaction
  [1m[36mSQL (0.3ms)[0m  [1mINSERT INTO "volunteers" ("created_at", "name", "updated_at") VALUES (?, ?, ?)[0m  [["created_at", "2014-11-20 20:42:43.270291"], ["name", "Sam"], ["updated_at", "2014-11-20 20:42:43.270291"]]
  [1m[35m (1.0ms)[0m  commit transaction
  [1m[36m (0.1ms)[0m  [1mbegin transaction[0m
  [1m[35mSQL (0.5ms)[0m  INSERT INTO "volunteers" ("created_at", "name", "updated_at") VALUES (?, ?, ?)  [["created_at", "2014-11-20 20:42:47.845648"], ["name", "Tom"], ["updated_at", "2014-11-20 20:42:47.845648"]]
  [1m[36m (1.1ms)[0m  [1mcommit transaction[0m
  [1m[35mVolunteer Load (0.2ms)[0m  SELECT  "volunteers".* FROM "volunteers" WHERE "volunteers"."id" = ? LIMIT 1  [["id", 1]]
  [1m[36mVolunteer Load (0.1ms)[0m  [1mSELECT  "volunteers".* FROM "volunteers" WHERE "volunteers"."id" = ? LIMIT 1[0m  [["id", 1]]
  [1m[35mSkill Load (0.1ms)[0m  SELECT "skills".* FROM "skills" INNER JOIN "proficiencies" ON "skills"."id" = "proficiencies"."skill_id" WHERE "proficiencies"."volunteer_id" = ?  [["volunteer_id", 1]]
  [1m[36m (0.9ms)[0m  [1mCREATE TABLE "schema_migrations" ("version" varchar NOT NULL) [0m
  [1m[35m (0.1ms)[0m  select sqlite_version(*)
  [1m[36m (0.7ms)[0m  [1mCREATE UNIQUE INDEX "unique_schema_migrations" ON "schema_migrations" ("version")[0m
  [1m[35mActiveRecord::SchemaMigration Load (0.1ms)[0m  SELECT "schema_migrations".* FROM "schema_migrations"
Migrating to CreateOrganizations (20141120202043)
  [1m[36m (0.1ms)[0m  [1mbegin transaction[0m
  [1m[35m (0.3ms)[0m  CREATE TABLE "organizations" ("id" INTEGER PRIMARY KEY AUTOINCREMENT NOT NULL, "name" varchar, "created_at" datetime NOT NULL, "updated_at" datetime NOT NULL) 
  [1m[36mSQL (0.1ms)[0m  [1mINSERT INTO "schema_migrations" ("version") VALUES (?)[0m  [["version", "20141120202043"]]
  [1m[35m (0.6ms)[0m  commit transaction
Migrating to CreateOpportunities (20141120202353)
  [1m[36m (0.1ms)[0m  [1mbegin transaction[0m
  [1m[35m (0.2ms)[0m  CREATE TABLE "opportunities" ("id" INTEGER PRIMARY KEY AUTOINCREMENT NOT NULL, "name" varchar, "datetime" datetime, "organization_id" integer, "volunteer_id" integer, "created_at" datetime NOT NULL, "updated_at" datetime NOT NULL) 
  [1m[36mSQL (0.1ms)[0m  [1mINSERT INTO "schema_migrations" ("version") VALUES (?)[0m  [["version", "20141120202353"]]
  [1m[35m (0.6ms)[0m  commit transaction
Migrating to CreateVolunteers (20141120202415)
  [1m[36m (0.1ms)[0m  [1mbegin transaction[0m
  [1m[35m (0.2ms)[0m  CREATE TABLE "volunteers" ("id" INTEGER PRIMARY KEY AUTOINCREMENT NOT NULL, "name" varchar, "opportunity_id" integer, "created_at" datetime NOT NULL, "updated_at" datetime NOT NULL) 
  [1m[36mSQL (0.1ms)[0m  [1mINSERT INTO "schema_migrations" ("version") VALUES (?)[0m  [["version", "20141120202415"]]
  [1m[35m (0.6ms)[0m  commit transaction
Migrating to CreateSkills (20141120202423)
  [1m[36m (0.1ms)[0m  [1mbegin transaction[0m
  [1m[35m (0.2ms)[0m  CREATE TABLE "skills" ("id" INTEGER PRIMARY KEY AUTOINCREMENT NOT NULL, "name" varchar, "created_at" datetime NOT NULL, "updated_at" datetime NOT NULL) 
  [1m[36mSQL (0.1ms)[0m  [1mINSERT INTO "schema_migrations" ("version") VALUES (?)[0m  [["version", "20141120202423"]]
  [1m[35m (0.6ms)[0m  commit transaction
Migrating to CreateNeeds (20141120202717)
  [1m[36m (0.0ms)[0m  [1mbegin transaction[0m
  [1m[35m (0.2ms)[0m  CREATE TABLE "needs" ("id" INTEGER PRIMARY KEY AUTOINCREMENT NOT NULL, "skill_id" integer, "opportunity_id" integer, "created_at" datetime NOT NULL, "updated_at" datetime NOT NULL) 
  [1m[36mSQL (0.1ms)[0m  [1mINSERT INTO "schema_migrations" ("version") VALUES (?)[0m  [["version", "20141120202717"]]
  [1m[35m (0.6ms)[0m  commit transaction
Migrating to CreateProficiencies (20141120202831)
  [1m[36m (0.0ms)[0m  [1mbegin transaction[0m
  [1m[35m (0.2ms)[0m  CREATE TABLE "proficiencies" ("id" INTEGER PRIMARY KEY AUTOINCREMENT NOT NULL, "volunteer_id" integer, "skill_id" integer, "created_at" datetime NOT NULL, "updated_at" datetime NOT NULL) 
  [1m[36mSQL (0.1ms)[0m  [1mINSERT INTO "schema_migrations" ("version") VALUES (?)[0m  [["version", "20141120202831"]]
  [1m[35m (0.6ms)[0m  commit transaction
  [1m[36mActiveRecord::SchemaMigration Load (0.1ms)[0m  [1mSELECT "schema_migrations".* FROM "schema_migrations"[0m
